<?xml version="1.0" encoding="UTF-8"?>
<!-- Generated by org.testng.reporters.JUnitXMLReporter -->
<testsuite hostname="acer-PC" name="FirefoxTest" tests="1" failures="0" timestamp="14 Aug 2018 04:36:34 GMT" time="0.145" errors="0">
  <testcase name="@BeforeClass beforeTest" time="0.0" classname="Parallel.MultiBrowser">
    <failure type="java.lang.IllegalStateException" message="The driver executable does not exist: D:\WorkSpace\WorkSpace_Eclipse-Oxygen\FITAAutomation\drivers\chromedriver.exe">
      <![CDATA[java.lang.IllegalStateException: The driver executable does not exist: D:\WorkSpace\WorkSpace_Eclipse-Oxygen\FITAAutomation\drivers\chromedriver.exe
	at com.google.common.base.Preconditions.checkState(Preconditions.java:197)
	at org.openqa.selenium.remote.service.DriverService.checkExecutable(DriverService.java:121)
	at org.openqa.selenium.remote.service.DriverService.findExecutable(DriverService.java:116)
	at org.openqa.selenium.chrome.ChromeDriverService.access$0(ChromeDriverService.java:1)
	at org.openqa.selenium.chrome.ChromeDriverService$Builder.findDefaultExecutable(ChromeDriverService.java:137)
	at org.openqa.selenium.remote.service.DriverService$Builder.build(DriverService.java:296)
	at org.openqa.selenium.chrome.ChromeDriverService.createDefaultService(ChromeDriverService.java:88)
	at org.openqa.selenium.chrome.ChromeDriver.<init>(ChromeDriver.java:116)
	at Parallel.MultiBrowser.beforeTest(MultiBrowser.java:41)
... Removed 24 stack frames]]>
    </failure>
  </testcase> <!-- @BeforeClass beforeTest -->
  <testcase name="@AfterClass afterTest" time="0.0" classname="Parallel.MultiBrowser">
    <skipped/>
  </testcase> <!-- @AfterClass afterTest -->
  <testcase name="login" time="0.003" classname="Parallel.MultiBrowser">
    <skipped/>
  </testcase> <!-- login -->
</testsuite> <!-- FirefoxTest -->
